#
# There is insufficient memory for the Java Runtime Environment to continue.
# Native memory allocation (malloc) failed to allocate 671616 bytes for Chunk::new
# Possible reasons:
#   The system is out of physical RAM or swap space
#   The process is running with CompressedOops enabled, and the Java Heap may be blocking the growth of the native heap
# Possible solutions:
#   Reduce memory load on the system
#   Increase physical memory or swap space
#   Check if swap backing store is full
#   Decrease Java heap size (-Xmx/-Xms)
#   Decrease number of Java threads
#   Decrease Java thread stack sizes (-Xss)
#   Set larger code cache with -XX:ReservedCodeCacheSize=
#   JVM is running with Unscaled Compressed Oops mode in which the Java heap is
#     placed in the first 4GB address space. The Java Heap base address is the
#     maximum limit for the native heap growth. Please use -XX:HeapBaseMinAddress
#     to set the Java Heap base and to place the Java Heap above 4GB virtual address.
# This output file may be truncated or incomplete.
#
#  Out of Memory Error (allocation.cpp:389), pid=2012, tid=0x0000000000001d3c
#
# JRE version: Java(TM) SE Runtime Environment (8.0_231-b11) (build 1.8.0_231-b11)
# Java VM: Java HotSpot(TM) 64-Bit Server VM (25.231-b11 mixed mode windows-amd64 compressed oops)
# Failed to write core dump. Minidumps are not enabled by default on client versions of Windows
#

---------------  T H R E A D  ---------------

Current thread (0x0000000016ee4800):  JavaThread "C2 CompilerThread1" daemon [_thread_in_native, id=7484, stack(0x0000000018650000,0x0000000018750000)]

Stack: [0x0000000018650000,0x0000000018750000]
[error occurred during error reporting (printing stack bounds), id 0xc0000005]

Native frames: (J=compiled Java code, j=interpreted, Vv=VM code, C=native code)


Current CompileTask:
C2:  19345 5153   !   4       com.google.inject.spi.InjectionPoint::getInjectionPoints (495 bytes)


---------------  P R O C E S S  ---------------

Java Threads: ( => current thread )
  0x0000000018873000 JavaThread "Service Thread" daemon [_thread_blocked, id=9868, stack(0x0000000018c50000,0x0000000018d50000)]
  0x0000000016eeb800 JavaThread "C1 CompilerThread2" daemon [_thread_blocked, id=8516, stack(0x0000000018750000,0x0000000018850000)]
=>0x0000000016ee4800 JavaThread "C2 CompilerThread1" daemon [_thread_in_native, id=7484, stack(0x0000000018650000,0x0000000018750000)]
  0x0000000016edf800 JavaThread "C2 CompilerThread0" daemon [_thread_in_native, id=11248, stack(0x0000000018550000,0x0000000018650000)]
  0x0000000016ede000 JavaThread "Attach Listener" daemon [_thread_blocked, id=9452, stack(0x0000000018450000,0x0000000018550000)]
  0x0000000016edd000 JavaThread "Signal Dispatcher" daemon [_thread_blocked, id=2292, stack(0x0000000018350000,0x0000000018450000)]
  0x0000000016ecf000 JavaThread "Finalizer" daemon [_thread_blocked, id=4104, stack(0x0000000018130000,0x0000000018230000)]
  0x00000000026d5000 JavaThread "Reference Handler" daemon [_thread_blocked, id=5096, stack(0x0000000018030000,0x0000000018130000)]
  0x00000000025e2800 JavaThread "main" [_thread_in_native, id=7824, stack(0x0000000002410000,0x0000000002510000)]

Other Threads:
  0x0000000016ea8000 VMThread [stack: 0x0000000017f30000,0x0000000018030000] [id=8820]
  0x0000000018894800 WatcherThread [stack: 0x0000000018ec0000,0x0000000018fc0000] [id=5148]

VM state:not at safepoint (normal execution)

VM Mutex/Monitor currently owned by a thread: None

heap address: 0x0000000088c00000, size: 1908 MB, Compressed Oops mode: 32-bit
Narrow klass base: 0x0000000000000000, Narrow klass shift: 3
Compressed class space size: 1073741824 Address: 0x0000000100000000

Heap:
 PSYoungGen      total 51712K, used 19411K [0x00000000d8400000, 0x00000000dd300000, 0x0000000100000000)
  eden space 41472K, 35% used [0x00000000d8400000,0x00000000d92837d8,0x00000000dac80000)
  from space 10240K, 44% used [0x00000000dac80000,0x00000000db0f1480,0x00000000db680000)
  to   space 10240K, 0% used [0x00000000dc900000,0x00000000dc900000,0x00000000dd300000)
 ParOldGen       total 54272K, used 21602K [0x0000000088c00000, 0x000000008c100000, 0x00000000d8400000)
  object space 54272K, 39% used [0x0000000088c00000,0x000000008a118a78,0x000000008c100000)
 Metaspace       used 27775K, capacity 28446K, committed 28672K, reserved 1075200K
  class space    used 3330K, capacity 3528K, committed 3584K, reserved 1048576K

Card table byte_map: [0x0000000011ba0000,0x0000000011f60000] byte_map_base: 0x000000001175a000

Marking Bits: (ParMarkBitMap*) 0x000000006fd96d90
 Begin Bits: [0x00000000125e0000, 0x00000000143b0000)
 End Bits:   [0x00000000143b0000, 0x0000000016180000)

Polling page: 0x0000000000b70000

CodeCache: size=245760Kb used=16970Kb max_used=16970Kb free=228789Kb
 bounds [0x00000000027e0000, 0x0000000003890000, 0x00000000117e0000]
 total_blobs=5144 nmethods=4737 adapters=320
 compilation: enabled

Compilation events (10 events):
Event: 19.243 Thread 0x0000000016eeb800 5166       3       org.codehaus.plexus.util.SelectorUtils::match (547 bytes)
Event: 19.245 Thread 0x0000000016eeb800 nmethod 5166 0x000000000387aa10 code [0x000000000387ace0, 0x000000000387c498]
Event: 19.245 Thread 0x0000000016eeb800 5164       3       org.codehaus.plexus.util.MatchPattern::matchPath (26 bytes)
Event: 19.246 Thread 0x0000000016eeb800 nmethod 5164 0x000000000387d150 code [0x000000000387d300, 0x000000000387d9b8]
Event: 19.295 Thread 0x0000000016eeb800 5167       3       org.codehaus.plexus.util.SelectorUtils::equals (37 bytes)
Event: 19.296 Thread 0x0000000016eeb800 nmethod 5167 0x000000000387dd10 code [0x000000000387dea0, 0x000000000387e1b8]
Event: 19.302 Thread 0x0000000016eeb800 5169       3       org.codehaus.plexus.util.MatchPatterns::matches (57 bytes)
Event: 19.303 Thread 0x0000000016eeb800 nmethod 5169 0x000000000387e2d0 code [0x000000000387e4c0, 0x000000000387ed88]
Event: 19.303 Thread 0x0000000016eeb800 5171       3       java.io.WinNTFileSystem::parentOrNull (171 bytes)
Event: 19.305 Thread 0x0000000016eeb800 nmethod 5171 0x000000000387f390 code [0x000000000387f5c0, 0x0000000003880418]

GC Heap History (10 events):
Event: 15.080 GC heap before
{Heap before GC invocations=8 (full 0):
 PSYoungGen      total 35840K, used 13089K [0x00000000d8400000, 0x00000000db280000, 0x0000000100000000)
  eden space 29184K, 22% used [0x00000000d8400000,0x00000000d8a6b650,0x00000000da080000)
  from space 6656K, 97% used [0x00000000da100000,0x00000000da75d098,0x00000000da780000)
  to   space 9216K, 0% used [0x00000000da980000,0x00000000da980000,0x00000000db280000)
 ParOldGen       total 81920K, used 9606K [0x0000000088c00000, 0x000000008dc00000, 0x00000000d8400000)
  object space 81920K, 11% used [0x0000000088c00000,0x00000000895619d0,0x000000008dc00000)
 Metaspace       used 20485K, capacity 21070K, committed 21248K, reserved 1067008K
  class space    used 2540K, capacity 2698K, committed 2816K, reserved 1048576K
Event: 15.090 GC heap after
Heap after GC invocations=8 (full 0):
 PSYoungGen      total 38400K, used 4016K [0x00000000d8400000, 0x00000000db280000, 0x0000000100000000)
  eden space 29184K, 0% used [0x00000000d8400000,0x00000000d8400000,0x00000000da080000)
  from space 9216K, 43% used [0x00000000da980000,0x00000000dad6c030,0x00000000db280000)
  to   space 6656K, 0% used [0x00000000da100000,0x00000000da100000,0x00000000da780000)
 ParOldGen       total 81920K, used 11822K [0x0000000088c00000, 0x000000008dc00000, 0x00000000d8400000)
  object space 81920K, 14% used [0x0000000088c00000,0x000000008978b9f0,0x000000008dc00000)
 Metaspace       used 20485K, capacity 21070K, committed 21248K, reserved 1067008K
  class space    used 2540K, capacity 2698K, committed 2816K, reserved 1048576K
}
Event: 15.090 GC heap before
{Heap before GC invocations=9 (full 1):
 PSYoungGen      total 38400K, used 4016K [0x00000000d8400000, 0x00000000db280000, 0x0000000100000000)
  eden space 29184K, 0% used [0x00000000d8400000,0x00000000d8400000,0x00000000da080000)
  from space 9216K, 43% used [0x00000000da980000,0x00000000dad6c030,0x00000000db280000)
  to   space 6656K, 0% used [0x00000000da100000,0x00000000da100000,0x00000000da780000)
 ParOldGen       total 81920K, used 11822K [0x0000000088c00000, 0x000000008dc00000, 0x00000000d8400000)
  object space 81920K, 14% used [0x0000000088c00000,0x000000008978b9f0,0x000000008dc00000)
 Metaspace       used 20485K, capacity 21070K, committed 21248K, reserved 1067008K
  class space    used 2540K, capacity 2698K, committed 2816K, reserved 1048576K
Event: 15.173 GC heap after
Heap after GC invocations=9 (full 1):
 PSYoungGen      total 38400K, used 0K [0x00000000d8400000, 0x00000000db280000, 0x0000000100000000)
  eden space 29184K, 0% used [0x00000000d8400000,0x00000000d8400000,0x00000000da080000)
  from space 9216K, 0% used [0x00000000da980000,0x00000000da980000,0x00000000db280000)
  to   space 6656K, 0% used [0x00000000da100000,0x00000000da100000,0x00000000da780000)
 ParOldGen       total 54272K, used 11102K [0x0000000088c00000, 0x000000008c100000, 0x00000000d8400000)
  object space 54272K, 20% used [0x0000000088c00000,0x00000000896d7958,0x000000008c100000)
 Metaspace       used 20485K, capacity 21070K, committed 21248K, reserved 1067008K
  class space    used 2540K, capacity 2698K, committed 2816K, reserved 1048576K
}
Event: 15.910 GC heap before
{Heap before GC invocations=10 (full 1):
 PSYoungGen      total 38400K, used 29147K [0x00000000d8400000, 0x00000000db280000, 0x0000000100000000)
  eden space 29184K, 99% used [0x00000000d8400000,0x00000000da076de8,0x00000000da080000)
  from space 9216K, 0% used [0x00000000da980000,0x00000000da980000,0x00000000db280000)
  to   space 6656K, 0% used [0x00000000da100000,0x00000000da100000,0x00000000da780000)
 ParOldGen       total 54272K, used 11102K [0x0000000088c00000, 0x000000008c100000, 0x00000000d8400000)
  object space 54272K, 20% used [0x0000000088c00000,0x00000000896d7958,0x000000008c100000)
 Metaspace       used 22352K, capacity 22926K, committed 23168K, reserved 1069056K
  class space    used 2740K, capacity 2890K, committed 2944K, reserved 1048576K
Event: 15.922 GC heap after
Heap after GC invocations=10 (full 1):
 PSYoungGen      total 36352K, used 6349K [0x00000000d8400000, 0x00000000dbf80000, 0x0000000100000000)
  eden space 29696K, 0% used [0x00000000d8400000,0x00000000d8400000,0x00000000da100000)
  from space 6656K, 95% used [0x00000000da100000,0x00000000da733728,0x00000000da780000)
  to   space 9216K, 0% used [0x00000000db680000,0x00000000db680000,0x00000000dbf80000)
 ParOldGen       total 54272K, used 11102K [0x0000000088c00000, 0x000000008c100000, 0x00000000d8400000)
  object space 54272K, 20% used [0x0000000088c00000,0x00000000896d7958,0x000000008c100000)
 Metaspace       used 22352K, capacity 22926K, committed 23168K, reserved 1069056K
  class space    used 2740K, capacity 2890K, committed 2944K, reserved 1048576K
}
Event: 16.585 GC heap before
{Heap before GC invocations=11 (full 1):
 PSYoungGen      total 36352K, used 36045K [0x00000000d8400000, 0x00000000dbf80000, 0x0000000100000000)
  eden space 29696K, 100% used [0x00000000d8400000,0x00000000da100000,0x00000000da100000)
  from space 6656K, 95% used [0x00000000da100000,0x00000000da733728,0x00000000da780000)
  to   space 9216K, 0% used [0x00000000db680000,0x00000000db680000,0x00000000dbf80000)
 ParOldGen       total 54272K, used 11102K [0x0000000088c00000, 0x000000008c100000, 0x00000000d8400000)
  object space 54272K, 20% used [0x0000000088c00000,0x00000000896d7958,0x000000008c100000)
 Metaspace       used 23123K, capacity 23680K, committed 23936K, reserved 1071104K
  class space    used 2793K, capacity 2924K, committed 2944K, reserved 1048576K
Event: 16.604 GC heap after
Heap after GC invocations=11 (full 1):
 PSYoungGen      total 50688K, used 9214K [0x00000000d8400000, 0x00000000dc280000, 0x0000000100000000)
  eden space 41472K, 0% used [0x00000000d8400000,0x00000000d8400000,0x00000000dac80000)
  from space 9216K, 99% used [0x00000000db680000,0x00000000dbf7fbb8,0x00000000dbf80000)
  to   space 10240K, 0% used [0x00000000dac80000,0x00000000dac80000,0x00000000db680000)
 ParOldGen       total 54272K, used 12618K [0x0000000088c00000, 0x000000008c100000, 0x00000000d8400000)
  object space 54272K, 23% used [0x0000000088c00000,0x0000000089852a20,0x000000008c100000)
 Metaspace       used 23123K, capacity 23680K, committed 23936K, reserved 1071104K
  class space    used 2793K, capacity 2924K, committed 2944K, reserved 1048576K
}
Event: 18.669 GC heap before
{Heap before GC invocations=12 (full 1):
 PSYoungGen      total 50688K, used 50686K [0x00000000d8400000, 0x00000000dc280000, 0x0000000100000000)
  eden space 41472K, 100% used [0x00000000d8400000,0x00000000dac80000,0x00000000dac80000)
  from space 9216K, 99% used [0x00000000db680000,0x00000000dbf7fbb8,0x00000000dbf80000)
  to   space 10240K, 0% used [0x00000000dac80000,0x00000000dac80000,0x00000000db680000)
 ParOldGen       total 54272K, used 12618K [0x0000000088c00000, 0x000000008c100000, 0x00000000d8400000)
  object space 54272K, 23% used [0x0000000088c00000,0x0000000089852a20,0x000000008c100000)
 Metaspace       used 24923K, capacity 25584K, committed 25728K, reserved 1071104K
  class space    used 2951K, capacity 3127K, committed 3200K, reserved 1048576K
Event: 18.692 GC heap after
Heap after GC invocations=12 (full 1):
 PSYoungGen      total 51712K, used 4549K [0x00000000d8400000, 0x00000000dd300000, 0x0000000100000000)
  eden space 41472K, 0% used [0x00000000d8400000,0x00000000d8400000,0x00000000dac80000)
  from space 10240K, 44% used [0x00000000dac80000,0x00000000db0f1480,0x00000000db680000)
  to   space 10240K, 0% used [0x00000000dc900000,0x00000000dc900000,0x00000000dd300000)
 ParOldGen       total 54272K, used 21602K [0x0000000088c00000, 0x000000008c100000, 0x00000000d8400000)
  object space 54272K, 39% used [0x0000000088c00000,0x000000008a118a78,0x000000008c100000)
 Metaspace       used 24923K, capacity 25584K, committed 25728K, reserved 1071104K
  class space    used 2951K, capacity 3127K, committed 3200K, reserved 1048576K
}

Deoptimization events (10 events):
Event: 17.423 Thread 0x00000000025e2800 Uncommon trap: reason=unstable_if action=reinterpret pc=0x00000000034029d0 method=com.sun.tools.javac.util.ListBuffer.append(Ljava/lang/Object;)Lcom/sun/tools/javac/util/ListBuffer; @ 9
Event: 17.432 Thread 0x00000000025e2800 Uncommon trap: reason=unstable_if action=reinterpret pc=0x0000000002f7d8c8 method=com.sun.tools.javac.util.IntHashTable.lookup(Ljava/lang/Object;I)I @ 67
Event: 17.432 Thread 0x00000000025e2800 Uncommon trap: reason=unstable_if action=reinterpret pc=0x0000000002f7d3e0 method=com.sun.tools.javac.util.IntHashTable.putAtIndex(Ljava/lang/Object;II)I @ 18
Event: 17.446 Thread 0x00000000025e2800 Uncommon trap: reason=unstable_if action=reinterpret pc=0x0000000003674ed4 method=com.sun.tools.javac.code.Scope.lookup(Lcom/sun/tools/javac/util/Name;Lcom/sun/tools/javac/util/Filter;)Lcom/sun/tools/javac/code/Scope$Entry; @ 19
Event: 18.002 Thread 0x00000000025e2800 Uncommon trap: reason=class_check action=maybe_recompile pc=0x00000000030d2818 method=org.eclipse.sisu.wire.EntryListAdapter$ValueIterator.hasNext()Z @ 4
Event: 18.624 Thread 0x00000000025e2800 Uncommon trap: reason=unstable_if action=reinterpret pc=0x00000000037891f0 method=java.util.jar.Attributes.read(Ljava/util/jar/Manifest$FastInputStream;[B)V @ 58
Event: 18.909 Thread 0x00000000025e2800 Uncommon trap: reason=unstable_if action=reinterpret pc=0x000000000323a964 method=org.codehaus.plexus.classworlds.realm.Entry.matches(Ljava/lang/String;)Z @ 20
Event: 18.909 Thread 0x00000000025e2800 Uncommon trap: reason=unstable_if action=reinterpret pc=0x0000000003241bb8 method=org.codehaus.plexus.classworlds.realm.Entry.matches(Ljava/lang/String;)Z @ 20
Event: 18.932 Thread 0x00000000025e2800 Uncommon trap: reason=unstable_if action=reinterpret pc=0x000000000303ce5c method=java.util.StringTokenizer.setMaxDelimCodePoint()V @ 71
Event: 19.303 Thread 0x00000000025e2800 Uncommon trap: reason=unstable_if action=reinterpret pc=0x0000000003726130 method=java.io.WinNTFileSystem.parentOrNull(Ljava/lang/String;)Ljava/lang/String; @ 76

Classes redefined (0 events):
No events

Internal exceptions (10 events):
Event: 4.091 Thread 0x00000000025e2800 Implicit null exception at 0x0000000002e7e2e9 to 0x0000000002e7f535
Event: 12.006 Thread 0x00000000025e2800 Exception <a 'java/lang/NoClassDefFoundError': org/codehaus/plexus/util/interpolation/ValueSource> (0x00000000d9d947d8) thrown at [C:\re\workspace\8-2-build-windows-amd64-cygwin\jdk8u231\13620\hotspot\src\share\vm\classfile\systemDictionary.cpp, line 199]
Event: 12.072 Thread 0x00000000025e2800 Exception <a 'java/lang/NoClassDefFoundError': org/sonatype/aether/graph/Dependency> (0x00000000d9fdb670) thrown at [C:\re\workspace\8-2-build-windows-amd64-cygwin\jdk8u231\13620\hotspot\src\share\vm\classfile\systemDictionary.cpp, line 199]
Event: 12.099 Thread 0x00000000025e2800 Implicit null exception at 0x000000000303f017 to 0x00000000030401b1
Event: 14.695 Thread 0x00000000025e2800 Exception <a 'java/lang/ClassNotFoundException': com/sun/tools/javac/api/JavacTool> (0x00000000d9fe2b88) thrown at [C:\re\workspace\8-2-build-windows-amd64-cygwin\jdk8u231\13620\hotspot\src\share\vm\classfile\systemDictionary.cpp, line 210]
Event: 15.891 Thread 0x00000000025e2800 Exception <a 'java/io/FileNotFoundException'> (0x00000000d9da06e0) thrown at [C:\re\workspace\8-2-build-windows-amd64-cygwin\jdk8u231\13620\hotspot\src\share\vm\prims\jni.cpp, line 710]
Event: 15.895 Thread 0x00000000025e2800 Exception <a 'java/io/FileNotFoundException'> (0x00000000d9dd61b0) thrown at [C:\re\workspace\8-2-build-windows-amd64-cygwin\jdk8u231\13620\hotspot\src\share\vm\prims\jni.cpp, line 710]
Event: 18.965 Thread 0x00000000025e2800 Exception <a 'java/io/FileNotFoundException'> (0x00000000d8b0aa50) thrown at [C:\re\workspace\8-2-build-windows-amd64-cygwin\jdk8u231\13620\hotspot\src\share\vm\prims\jni.cpp, line 710]
Event: 19.023 Thread 0x00000000025e2800 Exception <a 'java/lang/NoSuchFieldError': method resolution failed> (0x00000000d8bd9e38) thrown at [C:\re\workspace\8-2-build-windows-amd64-cygwin\jdk8u231\13620\hotspot\src\share\vm\prims\methodHandles.cpp, line 1167]
Event: 19.027 Thread 0x00000000025e2800 Exception <a 'java/lang/NoSuchFieldError': method resolution failed> (0x00000000d8be78c8) thrown at [C:\re\workspace\8-2-build-windows-amd64-cygwin\jdk8u231\13620\hotspot\src\share\vm\prims\methodHandles.cpp, line 1167]

Events (10 events):
Event: 19.288 loading class org/apache/maven/plugin/war/packaging/ClassesPackagingTask done
Event: 19.288 loading class org/apache/maven/plugin/war/packaging/ClassesPackagingTask
Event: 19.288 loading class org/apache/maven/plugin/war/packaging/ClassesPackagingTask done
Event: 19.289 loading class org/codehaus/plexus/interpolation/InterpolationException
Event: 19.289 loading class org/codehaus/plexus/interpolation/InterpolationException done
Event: 19.289 loading class org/codehaus/plexus/interpolation/InterpolationException
Event: 19.289 loading class org/codehaus/plexus/interpolation/InterpolationException done
Event: 19.303 Thread 0x00000000025e2800 Uncommon trap: trap_request=0xffffff65 fr.pc=0x0000000003726130
Event: 19.303 Thread 0x00000000025e2800 DEOPT PACKING pc=0x0000000003726130 sp=0x000000000250d9b0
Event: 19.303 Thread 0x00000000025e2800 DEOPT UNPACKING pc=0x000000000282583b sp=0x000000000250d950 mode 2


Dynamic libraries:
0x00007ff60ff70000 - 0x00007ff60ffa7000 	C:\Program Files\Java\jdk1.8.0_231\bin\java.exe
0x00007ffc9cde0000 - 0x00007ffc9cfd0000 	C:\WINDOWS\SYSTEM32\ntdll.dll
0x00007ffc9c510000 - 0x00007ffc9c5c2000 	C:\WINDOWS\System32\KERNEL32.DLL
0x00007ffc99dc0000 - 0x00007ffc9a064000 	C:\WINDOWS\System32\KERNELBASE.dll
0x00007ffc9b1f0000 - 0x00007ffc9b293000 	C:\WINDOWS\System32\ADVAPI32.dll
0x00007ffc9afb0000 - 0x00007ffc9b04e000 	C:\WINDOWS\System32\msvcrt.dll
0x00007ffc9b900000 - 0x00007ffc9b997000 	C:\WINDOWS\System32\sechost.dll
0x00007ffc9ae90000 - 0x00007ffc9afb0000 	C:\WINDOWS\System32\RPCRT4.dll
0x00007ffc9b050000 - 0x00007ffc9b1e4000 	C:\WINDOWS\System32\USER32.dll
0x00007ffc9a120000 - 0x00007ffc9a141000 	C:\WINDOWS\System32\win32u.dll
0x00007ffc9b3e0000 - 0x00007ffc9b406000 	C:\WINDOWS\System32\GDI32.dll
0x00007ffc9a8e0000 - 0x00007ffc9aa76000 	C:\WINDOWS\System32\gdi32full.dll
0x00007ffc9aba0000 - 0x00007ffc9ac3e000 	C:\WINDOWS\System32\msvcp_win.dll
0x00007ffc9aaa0000 - 0x00007ffc9ab9a000 	C:\WINDOWS\System32\ucrtbase.dll
0x00007ffc8c200000 - 0x00007ffc8c484000 	C:\WINDOWS\WinSxS\amd64_microsoft.windows.common-controls_6595b64144ccf1df_6.0.18362.959_none_e6c7bbbf130c62bb\COMCTL32.dll
0x00007ffc9ca60000 - 0x00007ffc9cd95000 	C:\WINDOWS\System32\combase.dll
0x00007ffc9ac40000 - 0x00007ffc9acc0000 	C:\WINDOWS\System32\bcryptPrimitives.dll
0x00007ffc9c4d0000 - 0x00007ffc9c4fe000 	C:\WINDOWS\System32\IMM32.DLL
0x000000006f490000 - 0x000000006f562000 	C:\Program Files\Java\jdk1.8.0_231\jre\bin\msvcr100.dll
0x000000006f570000 - 0x000000006fe16000 	C:\Program Files\Java\jdk1.8.0_231\jre\bin\server\jvm.dll
0x00007ffc9c500000 - 0x00007ffc9c508000 	C:\WINDOWS\System32\PSAPI.DLL
0x00007ffc96510000 - 0x00007ffc96534000 	C:\WINDOWS\SYSTEM32\WINMM.dll
0x00007ffc91710000 - 0x00007ffc9171a000 	C:\WINDOWS\SYSTEM32\VERSION.dll
0x00007ffc93c70000 - 0x00007ffc93c79000 	C:\WINDOWS\SYSTEM32\WSOCK32.dll
0x00007ffc9b510000 - 0x00007ffc9b57f000 	C:\WINDOWS\System32\WS2_32.dll
0x00007ffc964e0000 - 0x00007ffc9650d000 	C:\WINDOWS\SYSTEM32\winmmbase.dll
0x00007ffc9ae40000 - 0x00007ffc9ae8a000 	C:\WINDOWS\System32\cfgmgr32.dll
0x00007ffc93c20000 - 0x00007ffc93c2f000 	C:\Program Files\Java\jdk1.8.0_231\jre\bin\verify.dll
0x00007ffc7bfe0000 - 0x00007ffc7c009000 	C:\Program Files\Java\jdk1.8.0_231\jre\bin\java.dll
0x00007ffc93c00000 - 0x00007ffc93c16000 	C:\Program Files\Java\jdk1.8.0_231\jre\bin\zip.dll
0x00007ffc9bd10000 - 0x00007ffc9c3f6000 	C:\WINDOWS\System32\SHELL32.dll
0x00007ffc9b660000 - 0x00007ffc9b709000 	C:\WINDOWS\System32\shcore.dll
0x00007ffc9a150000 - 0x00007ffc9a8d2000 	C:\WINDOWS\System32\windows.storage.dll
0x00007ffc99d30000 - 0x00007ffc99d53000 	C:\WINDOWS\System32\profapi.dll
0x00007ffc99ce0000 - 0x00007ffc99d2a000 	C:\WINDOWS\System32\powrprof.dll
0x00007ffc99c90000 - 0x00007ffc99ca0000 	C:\WINDOWS\System32\UMPDC.dll
0x00007ffc9bb00000 - 0x00007ffc9bb52000 	C:\WINDOWS\System32\shlwapi.dll
0x00007ffc99ca0000 - 0x00007ffc99cb1000 	C:\WINDOWS\System32\kernel.appcore.dll
0x00007ffc9aa80000 - 0x00007ffc9aa97000 	C:\WINDOWS\System32\cryptsp.dll
0x00007ffc8cae0000 - 0x00007ffc8cafa000 	C:\Program Files\Java\jdk1.8.0_231\jre\bin\net.dll
0x00007ffc994a0000 - 0x00007ffc99507000 	C:\WINDOWS\system32\mswsock.dll
0x00007ffc840e0000 - 0x00007ffc840f2000 	C:\Program Files\Java\jdk1.8.0_231\jre\bin\nio.dll
0x00007ffc5aad0000 - 0x00007ffc5ac6a000 	C:\Program Files\Java\jdk1.8.0_231\jre\bin\awt.dll
0x00007ffc9c400000 - 0x00007ffc9c4c5000 	C:\WINDOWS\System32\OLEAUT32.dll
0x00007ffc97ac0000 - 0x00007ffc97b4f000 	C:\WINDOWS\SYSTEM32\apphelp.dll

VM Arguments:
jvm_args: -Dclassworlds.conf=C:\Program Files\NetBeans-11.3\netbeans\java\maven\bin\m2.conf -Dmaven.home=C:\Program Files\NetBeans-11.3\netbeans\java\maven -Dmaven.multiModuleProjectDirectory=C:\CursoJaveEEUdemy\Leccion12\sga-jee-web 
java_command: org.codehaus.plexus.classworlds.launcher.Launcher -Dnetbeans.deploy=true -Dmaven.ext.class.path=C:\Program Files\NetBeans-11.3\netbeans\java\maven-nblib\netbeans-eventspy.jar -Dfile.encoding=UTF-8 package
java_class_path (initial): C:\Program Files\NetBeans-11.3\netbeans\java\maven\boot\plexus-classworlds-2.5.2.jar
Launcher Type: SUN_STANDARD

Environment Variables:
JAVA_HOME=C:\Program Files\Java\jdk1.8.0_231
PATH=C:\ProgramData\Oracle\Java\javapath;C:\Program Files (x86)\Common Files\Oracle\Java\javapath;C:\WINDOWS\system32;C:\WINDOWS;C:\WINDOWS\System32\Wbem;C:\WINDOWS\System32\WindowsPowerShell\v1.0\;C:\WINDOWS\System32\OpenSSH\;C:\Program Files\Java\jdk-9.0.4\bin;C:\Program Files\Microsoft SQL Server\Client SDK\ODBC\130\Tools\Binn\;C:\Program Files (x86)\Microsoft SQL Server\140\Tools\Binn\;C:\Program Files\Microsoft SQL Server\140\Tools\Binn\;C:\Program Files\Microsoft SQL Server\140\DTS\Binn\;C:\Users\alex\AppData\Local\Programs\Python\Python37-32\Scripts\;C:\Users\alex\AppData\Local\Programs\Python\Python37-32\;"C:\Users\alex\AppData\Local\Microsoft\WindowsApps;";C:\Program Files\Java\jdk-9.0.4\bin;;C:\Users\alex\AppData\Local\Microsoft\WindowsApps
USERNAME=alex
OS=Windows_NT
PROCESSOR_IDENTIFIER=AMD64 Family 21 Model 101 Stepping 1, AuthenticAMD



---------------  S Y S T E M  ---------------

OS: Windows 10.0 , 64 bit Build 18362 (10.0.18362.959)

CPU:total 4 (initial active 4) (4 cores per cpu, 1 threads per core) family 21 model 101 stepping 1, cmov, cx8, fxsr, mmx, sse, sse2, sse3, ssse3, sse4.1, sse4.2, popcnt, avx, avx2, aes, clmul, mmxext, 3dnowpref, lzcnt, sse4a, tsc, tscinvbit, tscinv, bmi1

Memory: 4k page, physical 7811712k(361556k free), swap 7811712k(4720k free)

vm_info: Java HotSpot(TM) 64-Bit Server VM (25.231-b11) for windows-amd64 JRE (1.8.0_231-b11), built on Oct  5 2019 03:11:30 by "java_re" with MS VC++ 10.0 (VS2010)

time: Sat Aug 15 23:16:42 2020
timezone: Hora estándar de Argentina
elapsed time: 19 seconds (0d 0h 0m 19s)

